<?xml version="1.0" encoding="UTF-8"?>
<testsuite name="CensusAnalyserTest" tests="5" skipped="0" failures="0" errors="0" timestamp="2020-06-30T20:13:30" hostname="DESKTOP-9DCLVAF" time="0.458">
  <properties/>
  <testcase name="givenIndianCensusCSVFileReturnCorrectRecords" classname="CensusAnalyserTest" time="0.405"/>
  <testcase name="givenIndiaCensusData_WithWrongDelimiter_ShouldThrowException" classname="CensusAnalyserTest" time="0.037"/>
  <testcase name="givenIndiaCensusData_WithWrongHeader_ShouldThrowException" classname="CensusAnalyserTest" time="0.012"/>
  <testcase name="givenIndiaCensusData_WithWrongFile_ShouldThrowException" classname="CensusAnalyserTest" time="0.001"/>
  <testcase name="givenIndiaCensusData_WithWrongFileExtension_ShouldThrowException" classname="CensusAnalyserTest" time="0.001"/>
  <system-out><![CDATA[]]></system-out>
  <system-err><![CDATA[]]></system-err>
</testsuite>
