<?xml version="1.0" encoding="UTF-8"?>
<testsuite name="CensusAnalyserTest" tests="1" skipped="0" failures="0" errors="0" timestamp="2020-07-02T06:36:37" hostname="DESKTOP-9DCLVAF" time="0.034">
  <properties/>
  <testcase name="givenIndiaCensusDataList_WithWrongFileExtension_ShouldThrowException" classname="CensusAnalyserTest" time="0.034"/>
  <system-out><![CDATA[]]></system-out>
  <system-err><![CDATA[]]></system-err>
</testsuite>
