<?xml version="1.0" encoding="UTF-8"?>
<testsuite name="CensusAnalyserTest" tests="9" skipped="0" failures="0" errors="0" timestamp="2020-07-02T04:37:33" hostname="DESKTOP-9DCLVAF" time="0.458">
  <properties/>
  <testcase name="givenIndiaCensusDataList_WithWrongFileExtension_ShouldThrowException" classname="CensusAnalyserTest" time="0.027"/>
  <testcase name="givenIndianCensusCSVFileReturnCorrectRecords" classname="CensusAnalyserTest" time="0.299"/>
  <testcase name="givenIndiaCensusData_WithWrongDelimiter_ShouldThrowException" classname="CensusAnalyserTest" time="0.025"/>
  <testcase name="givenIndiaCensusDataList_WithWrongFile_ShouldThrowException" classname="CensusAnalyserTest" time="0.015"/>
  <testcase name="givenIndiaCensusDataList_WithWrongHeader_ShouldThrowException" classname="CensusAnalyserTest" time="0.001"/>
  <testcase name="givenIndiaCensusData_WithWrongHeader_ShouldThrowException" classname="CensusAnalyserTest" time="0.001"/>
  <testcase name="givenIndiaCensusData_WithWrongFile_ShouldThrowException" classname="CensusAnalyserTest" time="0.001"/>
  <testcase name="givenIndiaCensusData_WithWrongFileExtension_ShouldThrowException" classname="CensusAnalyserTest" time="0.0"/>
  <testcase name="givenIndianCensusListCSVFileReturnCorrectRecords" classname="CensusAnalyserTest" time="0.081"/>
  <system-out><![CDATA[com.indianCensusAnalyser.exceptions.CSVAnalyserException: Error capturing CSV header!
com.indianCensusAnalyser.exceptions.CSVAnalyserException: Error capturing CSV header!
]]></system-out>
  <system-err><![CDATA[]]></system-err>
</testsuite>
