<?xml version="1.0" encoding="UTF-8"?>
<testsuite name="CensusAnalyserTest" tests="1" skipped="0" failures="0" errors="0" timestamp="2020-06-29T22:13:33" hostname="DESKTOP-9DCLVAF" time="0.136">
  <properties/>
  <testcase name="givenIndiaCensusData_WithWrongHeader_ShouldThrowException" classname="CensusAnalyserTest" time="0.136"/>
  <system-out><![CDATA[]]></system-out>
  <system-err><![CDATA[]]></system-err>
</testsuite>
